# Logfile created on 2014-11-09 15:27:05 -0600 by logger.rb/41954
I, [2014-11-09T15:27:05.479512 #38033]  INFO -- : 0:  rake (10.3.2) from /Users/claytonjordan/.rvm/gems/ruby-2.0.0-p353/specifications/rake-10.3.2.gemspec
I, [2014-11-09T15:27:05.479873 #38033]  INFO -- : 0:  i18n (0.6.11) from /Users/claytonjordan/.rvm/gems/ruby-2.0.0-p353/specifications/i18n-0.6.11.gemspec
I, [2014-11-09T15:27:05.480122 #38033]  INFO -- : 0:  minitest (4.7.5) from /Users/claytonjordan/.rvm/gems/ruby-2.0.0-p353/specifications/minitest-4.7.5.gemspec
I, [2014-11-09T15:27:05.480362 #38033]  INFO -- : 0:  multi_json (1.10.1) from /Users/claytonjordan/.rvm/gems/ruby-2.0.0-p353/specifications/multi_json-1.10.1.gemspec
I, [2014-11-09T15:27:05.480597 #38033]  INFO -- : 0:  thread_safe (0.3.4) from /Users/claytonjordan/.rvm/gems/ruby-2.0.0-p353/specifications/thread_safe-0.3.4.gemspec
I, [2014-11-09T15:27:05.480827 #38033]  INFO -- : 0:  tzinfo (0.3.42) from /Users/claytonjordan/.rvm/gems/ruby-2.0.0-p353/specifications/tzinfo-0.3.42.gemspec
I, [2014-11-09T15:27:05.481048 #38033]  INFO -- : 0:  activesupport (4.0.3) from /Users/claytonjordan/.rvm/gems/ruby-2.0.0-p353/specifications/activesupport-4.0.3.gemspec
I, [2014-11-09T15:27:05.481266 #38033]  INFO -- : 0:  builder (3.1.4) from /Users/claytonjordan/.rvm/gems/ruby-2.0.0-p353/specifications/builder-3.1.4.gemspec
I, [2014-11-09T15:27:05.481491 #38033]  INFO -- : 0:  erubis (2.7.0) from /Users/claytonjordan/.rvm/gems/ruby-2.0.0-p353/specifications/erubis-2.7.0.gemspec
I, [2014-11-09T15:27:05.481704 #38033]  INFO -- : 0:  rack (1.5.2) from /Users/claytonjordan/.rvm/gems/ruby-2.0.0-p353/specifications/rack-1.5.2.gemspec
I, [2014-11-09T15:27:05.481930 #38033]  INFO -- : 0:  rack-test (0.6.2) from /Users/claytonjordan/.rvm/gems/ruby-2.0.0-p353/specifications/rack-test-0.6.2.gemspec
I, [2014-11-09T15:27:05.482151 #38033]  INFO -- : 0:  actionpack (4.0.3) from /Users/claytonjordan/.rvm/gems/ruby-2.0.0-p353/specifications/actionpack-4.0.3.gemspec
I, [2014-11-09T15:27:05.482370 #38033]  INFO -- : 0:  mime-types (1.25.1) from /Users/claytonjordan/.rvm/gems/ruby-2.0.0-p353/specifications/mime-types-1.25.1.gemspec
I, [2014-11-09T15:27:05.482612 #38033]  INFO -- : 0:  polyglot (0.3.5) from /Users/claytonjordan/.rvm/gems/ruby-2.0.0-p353/specifications/polyglot-0.3.5.gemspec
I, [2014-11-09T15:27:05.482829 #38033]  INFO -- : 0:  treetop (1.4.15) from /Users/claytonjordan/.rvm/gems/ruby-2.0.0-p353/specifications/treetop-1.4.15.gemspec
I, [2014-11-09T15:27:05.483043 #38033]  INFO -- : 0:  mail (2.5.4) from /Users/claytonjordan/.rvm/gems/ruby-2.0.0-p353/specifications/mail-2.5.4.gemspec
I, [2014-11-09T15:27:05.483264 #38033]  INFO -- : 0:  actionmailer (4.0.3) from /Users/claytonjordan/.rvm/gems/ruby-2.0.0-p353/specifications/actionmailer-4.0.3.gemspec
I, [2014-11-09T15:27:05.483474 #38033]  INFO -- : 0:  activemodel (4.0.3) from /Users/claytonjordan/.rvm/gems/ruby-2.0.0-p353/specifications/activemodel-4.0.3.gemspec
I, [2014-11-09T15:27:05.483695 #38033]  INFO -- : 0:  activerecord-deprecated_finders (1.0.3) from /Users/claytonjordan/.rvm/gems/ruby-2.0.0-p353/specifications/activerecord-deprecated_finders-1.0.3.gemspec
I, [2014-11-09T15:27:05.483902 #38033]  INFO -- : 0:  arel (4.0.2) from /Users/claytonjordan/.rvm/gems/ruby-2.0.0-p353/specifications/arel-4.0.2.gemspec
I, [2014-11-09T15:27:05.484120 #38033]  INFO -- : 0:  activerecord (4.0.3) from /Users/claytonjordan/.rvm/gems/ruby-2.0.0-p353/specifications/activerecord-4.0.3.gemspec
I, [2014-11-09T15:27:05.484342 #38033]  INFO -- : 0:  sass (3.2.19) from /Users/claytonjordan/.rvm/gems/ruby-2.0.0-p353/specifications/sass-3.2.19.gemspec
I, [2014-11-09T15:27:05.484560 #38033]  INFO -- : 0:  bootstrap-sass (3.1.1.0) from /Users/claytonjordan/.rvm/gems/ruby-2.0.0-p353/specifications/bootstrap-sass-3.1.1.0.gemspec
I, [2014-11-09T15:27:05.484769 #38033]  INFO -- : 0:  bundler (1.5.1) from /Users/claytonjordan/.rvm/gems/ruby-2.0.0-p353@global/specifications/bundler-1.5.1.gemspec
I, [2014-11-09T15:27:05.484995 #38033]  INFO -- : 0:  coffee-script-source (1.8.0) from /Users/claytonjordan/.rvm/gems/ruby-2.0.0-p353/specifications/coffee-script-source-1.8.0.gemspec
I, [2014-11-09T15:27:05.485236 #38033]  INFO -- : 0:  execjs (2.2.2) from /Users/claytonjordan/.rvm/gems/ruby-2.0.0-p353/specifications/execjs-2.2.2.gemspec
I, [2014-11-09T15:27:05.485462 #38033]  INFO -- : 0:  coffee-script (2.3.0) from /Users/claytonjordan/.rvm/gems/ruby-2.0.0-p353/specifications/coffee-script-2.3.0.gemspec
I, [2014-11-09T15:27:05.485685 #38033]  INFO -- : 0:  thor (0.19.1) from /Users/claytonjordan/.rvm/gems/ruby-2.0.0-p353/specifications/thor-0.19.1.gemspec
I, [2014-11-09T15:27:05.485919 #38033]  INFO -- : 0:  railties (4.0.3) from /Users/claytonjordan/.rvm/gems/ruby-2.0.0-p353/specifications/railties-4.0.3.gemspec
I, [2014-11-09T15:27:05.486139 #38033]  INFO -- : 0:  coffee-rails (4.0.1) from /Users/claytonjordan/.rvm/gems/ruby-2.0.0-p353/specifications/coffee-rails-4.0.1.gemspec
I, [2014-11-09T15:27:05.486355 #38033]  INFO -- : 0:  hike (1.2.3) from /Users/claytonjordan/.rvm/gems/ruby-2.0.0-p353/specifications/hike-1.2.3.gemspec
I, [2014-11-09T15:27:05.486582 #38033]  INFO -- : 0:  jbuilder (1.5.3) from /Users/claytonjordan/.rvm/gems/ruby-2.0.0-p353/specifications/jbuilder-1.5.3.gemspec
I, [2014-11-09T15:27:05.486804 #38033]  INFO -- : 0:  jquery-rails (3.1.2) from /Users/claytonjordan/.rvm/gems/ruby-2.0.0-p353/specifications/jquery-rails-3.1.2.gemspec
I, [2014-11-09T15:27:05.487077 #38033]  INFO -- : 0:  json (1.8.1) from /Users/claytonjordan/.rvm/gems/ruby-2.0.0-p353/specifications/json-1.8.1.gemspec
I, [2014-11-09T15:27:05.487332 #38033]  INFO -- : 0:  tilt (1.4.1) from /Users/claytonjordan/.rvm/gems/ruby-2.0.0-p353/specifications/tilt-1.4.1.gemspec
I, [2014-11-09T15:27:05.487564 #38033]  INFO -- : 0:  sprockets (2.11.3) from /Users/claytonjordan/.rvm/gems/ruby-2.0.0-p353/specifications/sprockets-2.11.3.gemspec
I, [2014-11-09T15:27:05.487791 #38033]  INFO -- : 0:  sprockets-rails (2.0.1) from /Users/claytonjordan/.rvm/gems/ruby-2.0.0-p353/specifications/sprockets-rails-2.0.1.gemspec
I, [2014-11-09T15:27:05.488022 #38033]  INFO -- : 0:  rails (4.0.3) from /Users/claytonjordan/.rvm/gems/ruby-2.0.0-p353/specifications/rails-4.0.3.gemspec
I, [2014-11-09T15:27:05.488303 #38033]  INFO -- : 0:  rdoc (4.1.2) from /Users/claytonjordan/.rvm/gems/ruby-2.0.0-p353/specifications/rdoc-4.1.2.gemspec
I, [2014-11-09T15:27:05.488540 #38033]  INFO -- : 0:  sass-rails (4.0.4) from /Users/claytonjordan/.rvm/gems/ruby-2.0.0-p353/specifications/sass-rails-4.0.4.gemspec
I, [2014-11-09T15:27:05.488778 #38033]  INFO -- : 0:  sdoc (0.4.1) from /Users/claytonjordan/.rvm/gems/ruby-2.0.0-p353/specifications/sdoc-0.4.1.gemspec
I, [2014-11-09T15:27:05.489024 #38033]  INFO -- : 0:  sqlite3 (1.3.10) from /Users/claytonjordan/.rvm/gems/ruby-2.0.0-p353/specifications/sqlite3-1.3.10.gemspec
I, [2014-11-09T15:27:05.489267 #38033]  INFO -- : 0:  turbolinks (2.5.1) from /Users/claytonjordan/.rvm/gems/ruby-2.0.0-p353/specifications/turbolinks-2.5.1.gemspec
I, [2014-11-09T15:27:05.489542 #38033]  INFO -- : 0:  uglifier (2.5.3) from /Users/claytonjordan/.rvm/gems/ruby-2.0.0-p353/specifications/uglifier-2.5.3.gemspec
